<?xml version="1.0" encoding="UTF-8"?>
<!-- Generated by org.testng.reporters.JUnitReportReporter -->
<testsuite hostname="DESKTOP-91S373H" failures="1" tests="13" name="ISN_Test.PayrollSettings_Test" time="557.497" errors="0" timestamp="2023-10-23T18:00:58 IST" skipped="0">
  <testcase classname="ISN_Test.PayrollSettings_Test" name="verifyHideDetailsFunctionality_Test" time="51.299"/>
  <system-out/>
  <testcase classname="ISN_Test.PayrollSettings_Test" name="verifyAddSplitPayrollCalculation_Test" time="35.922"/>
  <system-out/>
  <testcase classname="ISN_Test.PayrollSettings_Test" name="verifyDeleteSplitPayrollCalculation_Test" time="34.551"/>
  <system-out/>
  <testcase classname="ISN_Test.PayrollSettings_Test" name="verifyAddSplitPayrollCalculationDetails_Test" time="35.316">
    <failure message="2.5%Expected text is not Matched with Actual expected [2.5%] but found []" type="java.lang.AssertionError">
      <![CDATA[java.lang.AssertionError: 2.5%Expected text is not Matched with Actual expected [2.5%] but found []
at org.testng.Assert.fail(Assert.java:99)
at org.testng.Assert.failNotEquals(Assert.java:1037)
at org.testng.Assert.assertEqualsImpl(Assert.java:140)
at org.testng.Assert.assertEquals(Assert.java:122)
at org.testng.Assert.assertEquals(Assert.java:629)
at genericUtils.AssertionUtility.assertTextEquals(AssertionUtility.java:51)
at POM.PayrollSettingsObject.addandchecksplitAmountDetails(PayrollSettingsObject.java:522)
at ISN_Test.PayrollSettings_Test.verifyAddSplitPayrollCalculationDetails_Test(PayrollSettings_Test.java:65)
at java.base/jdk.internal.reflect.NativeMethodAccessorImpl.invoke0(Native Method)
at java.base/jdk.internal.reflect.NativeMethodAccessorImpl.invoke(NativeMethodAccessorImpl.java:77)
at java.base/jdk.internal.reflect.DelegatingMethodAccessorImpl.invoke(DelegatingMethodAccessorImpl.java:43)
at java.base/java.lang.reflect.Method.invoke(Method.java:568)
at org.testng.internal.MethodInvocationHelper.invokeMethod(MethodInvocationHelper.java:133)
at org.testng.internal.TestInvoker.invokeMethod(TestInvoker.java:598)
at org.testng.internal.TestInvoker.invokeTestMethod(TestInvoker.java:173)
at org.testng.internal.MethodRunner.runInSequence(MethodRunner.java:46)
at org.testng.internal.TestInvoker$MethodInvocationAgent.invoke(TestInvoker.java:824)
at org.testng.internal.TestInvoker.invokeTestMethods(TestInvoker.java:146)
at org.testng.internal.TestMethodWorker.invokeTestMethods(TestMethodWorker.java:146)
at org.testng.internal.TestMethodWorker.run(TestMethodWorker.java:128)
at java.base/java.util.ArrayList.forEach(ArrayList.java:1511)
at org.testng.TestRunner.privateRun(TestRunner.java:794)
at org.testng.TestRunner.run(TestRunner.java:596)
at org.testng.SuiteRunner.runTest(SuiteRunner.java:377)
at org.testng.SuiteRunner.runSequentially(SuiteRunner.java:371)
at org.testng.SuiteRunner.privateRun(SuiteRunner.java:332)
at org.testng.SuiteRunner.run(SuiteRunner.java:276)
at org.testng.SuiteRunnerWorker.runSuite(SuiteRunnerWorker.java:53)
at org.testng.SuiteRunnerWorker.run(SuiteRunnerWorker.java:96)
at org.testng.TestNG.runSuitesSequentially(TestNG.java:1212)
at org.testng.TestNG.runSuitesLocally(TestNG.java:1134)
at org.testng.TestNG.runSuites(TestNG.java:1063)
at org.testng.TestNG.run(TestNG.java:1031)
at org.testng.remote.AbstractRemoteTestNG.run(AbstractRemoteTestNG.java:115)
at org.testng.remote.RemoteTestNG.initAndRun(RemoteTestNG.java:251)
at org.testng.remote.RemoteTestNG.main(RemoteTestNG.java:77)
]]>
    </failure>
  </testcase> <!-- verifyAddSplitPayrollCalculationDetails_Test -->
  <system-out/>
  <testcase classname="ISN_Test.PayrollSettings_Test" name="verifyDeleteFixedPayrollCalculation_Test" time="34.656"/>
  <system-out>
    <![CDATA[initialcount is 4]]>
  </system-out>
  <testcase classname="ISN_Test.PayrollSettings_Test" name="verifyFixedEndDateFunctionality_Test" time="31.241"/>
  <system-out/>
  <testcase classname="ISN_Test.PayrollSettings_Test" name="verifyFixedHideDetailsFunctionality_Test" time="51.072"/>
  <system-out/>
  <testcase classname="ISN_Test.PayrollSettings_Test" name="verifyStartDateSelectedInFixedPayrollCalculation_Test" time="45.291"/>
  <system-out/>
  <testcase classname="ISN_Test.PayrollSettings_Test" name="verifyAddFixedPayrollCalculation_Test" time="38.231"/>
  <system-out/>
  <testcase classname="ISN_Test.PayrollSettings_Test" name="verifySplitEndDateFunctionality_Test" time="33.774"/>
  <system-out/>
  <testcase classname="ISN_Test.PayrollSettings_Test" name="verifyEndDateSelectedInSplitPayrollCalculation_Test" time="35.251"/>
  <system-out/>
  <testcase classname="ISN_Test.PayrollSettings_Test" name="verifyShowDetailsFunctionality_Test" time="78.265"/>
  <system-out>
    <![CDATA[Show Details Button is not Present For This Record]]>
  </system-out>
  <testcase classname="ISN_Test.PayrollSettings_Test" name="verifyStartDateSelectedInSplitPayrollCalculation_Test" time="52.628"/>
  <system-out/>
</testsuite> <!-- ISN_Test.PayrollSettings_Test -->
